<?xml version="1.0" encoding="UTF-8"?>
<robot generator="Robot 7.0.1 (Python 3.12.6 on win32)" generated="2024-09-30T21:47:17.290267" rpa="false" schemaversion="5">
<suite id="s1" name="Checkbox" source="E:\Documentos\Estudos\Appium\tests\checkbox.robot">
<test id="s1-t1" name="Deve marcar as techs que usam Appium" line="6">
<kw name="Start session" owner="base">
<kw name="Open Application" owner="AppiumLibrary">
<arg>http://localhost:4723</arg>
<arg>platformName=Android</arg>
<arg>deviceName=Android Emulator</arg>
<arg>automationName=UIAutomator2</arg>
<arg>app=${APK_PATH}</arg>
<arg>udid=emulator-5554</arg>
<arg>autoGrantPermission=true</arg>
<doc>Opens a new application to given Appium server.
Capabilities of appium server, Android and iOS,
Please check https://appium.io/docs/en/2.1/cli/args/
| *Option*            | *Man.* | *Description*     |
| remote_url          | Yes    | Appium server url |
| alias               | no     | alias             |
| strict_ssl          | No     | allows you to send commands to an invalid certificate host like a self-signed one. |</doc>
<status status="PASS" start="2024-09-30T21:47:17.567271" elapsed="11.024846"/>
</kw>
<status status="PASS" start="2024-09-30T21:47:17.566270" elapsed="11.026860"/>
</kw>
<kw name="Get started" owner="base">
<kw name="Wait Until Page Contains" owner="AppiumLibrary">
<arg>${START}</arg>
<doc>Waits until `text` appears on current page.</doc>
<status status="PASS" start="2024-09-30T21:47:28.594119" elapsed="4.652076"/>
</kw>
<kw name="Click Text" owner="AppiumLibrary">
<msg time="2024-09-30T21:47:34.035196" level="INFO">xpath criteria: //*[contains(@text,"QAX")]</msg>
<arg>${START}</arg>
<doc>Click text identified by ``text``.</doc>
<status status="PASS" start="2024-09-30T21:47:33.246195" elapsed="0.789001"/>
</kw>
<status status="PASS" start="2024-09-30T21:47:28.594119" elapsed="5.441077"/>
</kw>
<kw name="Navigate to" owner="base">
<kw name="Set Variable" owner="BuiltIn">
<msg time="2024-09-30T21:47:34.037195" level="INFO">${menu} = xpath=//android.widget.ImageButton[@content-desc="Open navigation drawer"]</msg>
<var>${menu}</var>
<arg>xpath=//android.widget.ImageButton[@content-desc="Open navigation drawer"]</arg>
<doc>Returns the given values which can then be assigned to a variables.</doc>
<status status="PASS" start="2024-09-30T21:47:34.036195" elapsed="0.001000"/>
</kw>
<kw name="Wait Until Element Is Visible" owner="AppiumLibrary">
<msg time="2024-09-30T21:47:36.535203" level="INFO">xpath criteria: //android.widget.ImageButton[@content-desc="Open navigation drawer"]
xpath criteria: //android.widget.ImageButton[@content-desc="Open navigation drawer"]</msg>
<arg>${menu}</arg>
<doc>Waits until element specified with `locator` is visible.</doc>
<status status="PASS" start="2024-09-30T21:47:34.037195" elapsed="2.498008"/>
</kw>
<kw name="Click Element" owner="AppiumLibrary">
<msg time="2024-09-30T21:47:36.537194" level="INFO">Clicking element 'xpath=//android.widget.ImageButton[@content-desc="Open navigation drawer"]'.</msg>
<msg time="2024-09-30T21:47:36.813194" level="INFO">xpath criteria: //android.widget.ImageButton[@content-desc="Open navigation drawer"]</msg>
<arg>${menu}</arg>
<doc>Click element identified by `locator`.</doc>
<status status="PASS" start="2024-09-30T21:47:36.535203" elapsed="0.277991"/>
</kw>
<kw name="Set Variable" owner="BuiltIn">
<msg time="2024-09-30T21:47:36.814199" level="INFO">${menuItem} = xpath=//*[@resource-id="com.qaxperience.yodapp:id/rvNavigation"]//*[@text="Check e Radio"]</msg>
<var>${menuItem}</var>
<arg>xpath=//*[@resource-id="com.qaxperience.yodapp:id/rvNavigation"]//*[@text="${menu_text}"]</arg>
<doc>Returns the given values which can then be assigned to a variables.</doc>
<status status="PASS" start="2024-09-30T21:47:36.813194" elapsed="0.001005"/>
</kw>
<kw name="Wait Until Element Is Visible" owner="AppiumLibrary">
<msg time="2024-09-30T21:47:38.115195" level="INFO">xpath criteria: //*[@resource-id="com.qaxperience.yodapp:id/rvNavigation"]//*[@text="Check e Radio"]</msg>
<arg>${menuItem}</arg>
<doc>Waits until element specified with `locator` is visible.</doc>
<status status="PASS" start="2024-09-30T21:47:36.814199" elapsed="1.301996"/>
</kw>
<kw name="Click Element" owner="AppiumLibrary">
<msg time="2024-09-30T21:47:38.118204" level="INFO">Clicking element 'xpath=//*[@resource-id="com.qaxperience.yodapp:id/rvNavigation"]//*[@text="Check e Radio"]'.</msg>
<msg time="2024-09-30T21:47:38.813199" level="INFO">xpath criteria: //*[@resource-id="com.qaxperience.yodapp:id/rvNavigation"]//*[@text="Check e Radio"]</msg>
<arg>${menuItem}</arg>
<doc>Click element identified by `locator`.</doc>
<status status="PASS" start="2024-09-30T21:47:38.116195" elapsed="0.697004"/>
</kw>
<arg>Check e Radio</arg>
<status status="PASS" start="2024-09-30T21:47:34.036195" elapsed="4.777004"/>
</kw>
<kw name="Go to item" owner="base">
<kw name="Wait Until Page Contains" owner="AppiumLibrary">
<arg>${item_text}</arg>
<arg>5</arg>
<doc>Waits until `text` appears on current page.</doc>
<status status="PASS" start="2024-09-30T21:47:38.815194" elapsed="0.611003"/>
</kw>
<kw name="Click Text" owner="AppiumLibrary">
<msg time="2024-09-30T21:47:40.258037" level="INFO">xpath criteria: //*[contains(@text,"Checkbox")]</msg>
<arg>${item_text}</arg>
<doc>Click text identified by ``text``.</doc>
<status status="PASS" start="2024-09-30T21:47:39.426197" elapsed="0.831840"/>
</kw>
<kw name="Wait Until Page Contains" owner="AppiumLibrary">
<arg>${checkpoint}</arg>
<arg>5</arg>
<doc>Waits until `text` appears on current page.</doc>
<status status="PASS" start="2024-09-30T21:47:40.258037" elapsed="1.687003"/>
</kw>
<arg>Checkbox</arg>
<arg>Marque as techs que usam Appium</arg>
<status status="PASS" start="2024-09-30T21:47:38.814196" elapsed="3.131844"/>
</kw>
<kw name="Create List" owner="BuiltIn">
<msg time="2024-09-30T21:47:41.949043" level="INFO">@{techs} = [ Ruby | Python | Java | Javascript | C# | Robot Framework ]</msg>
<var>@{techs}</var>
<arg>Ruby</arg>
<arg>Python</arg>
<arg>Java</arg>
<arg>Javascript</arg>
<arg>C#</arg>
<arg>Robot Framework</arg>
<doc>Returns a list containing given items.</doc>
<status status="PASS" start="2024-09-30T21:47:41.949043" elapsed="0.000000"/>
</kw>
<for flavor="IN">
<iter>
<kw name="Click Element" owner="AppiumLibrary">
<msg time="2024-09-30T21:47:41.953046" level="INFO">Clicking element 'xpath=//android.widget.CheckBox[contains(@text,"Ruby")]'.</msg>
<msg time="2024-09-30T21:47:42.372041" level="INFO">xpath criteria: //android.widget.CheckBox[contains(@text,"Ruby")]</msg>
<arg>xpath=//android.widget.CheckBox[contains(@text,"${tech}")]</arg>
<doc>Click element identified by `locator`.</doc>
<status status="PASS" start="2024-09-30T21:47:41.950041" elapsed="0.422000"/>
</kw>
<var name="${tech}">Ruby</var>
<status status="PASS" start="2024-09-30T21:47:41.950041" elapsed="0.422000"/>
</iter>
<iter>
<kw name="Click Element" owner="AppiumLibrary">
<msg time="2024-09-30T21:47:42.374041" level="INFO">Clicking element 'xpath=//android.widget.CheckBox[contains(@text,"Python")]'.</msg>
<msg time="2024-09-30T21:47:43.473047" level="INFO">xpath criteria: //android.widget.CheckBox[contains(@text,"Python")]</msg>
<arg>xpath=//android.widget.CheckBox[contains(@text,"${tech}")]</arg>
<doc>Click element identified by `locator`.</doc>
<status status="PASS" start="2024-09-30T21:47:42.372041" elapsed="1.101006"/>
</kw>
<var name="${tech}">Python</var>
<status status="PASS" start="2024-09-30T21:47:42.372041" elapsed="1.102004"/>
</iter>
<iter>
<kw name="Click Element" owner="AppiumLibrary">
<msg time="2024-09-30T21:47:43.477041" level="INFO">Clicking element 'xpath=//android.widget.CheckBox[contains(@text,"Java")]'.</msg>
<msg time="2024-09-30T21:47:44.559947" level="INFO">xpath criteria: //android.widget.CheckBox[contains(@text,"Java")]</msg>
<arg>xpath=//android.widget.CheckBox[contains(@text,"${tech}")]</arg>
<doc>Click element identified by `locator`.</doc>
<status status="PASS" start="2024-09-30T21:47:43.474045" elapsed="1.085902"/>
</kw>
<var name="${tech}">Java</var>
<status status="PASS" start="2024-09-30T21:47:43.474045" elapsed="1.085902"/>
</iter>
<iter>
<kw name="Click Element" owner="AppiumLibrary">
<msg time="2024-09-30T21:47:44.562943" level="INFO">Clicking element 'xpath=//android.widget.CheckBox[contains(@text,"Javascript")]'.</msg>
<msg time="2024-09-30T21:47:46.046009" level="INFO">xpath criteria: //android.widget.CheckBox[contains(@text,"Javascript")]</msg>
<arg>xpath=//android.widget.CheckBox[contains(@text,"${tech}")]</arg>
<doc>Click element identified by `locator`.</doc>
<status status="PASS" start="2024-09-30T21:47:44.559947" elapsed="1.486062"/>
</kw>
<var name="${tech}">Javascript</var>
<status status="PASS" start="2024-09-30T21:47:44.559947" elapsed="1.486062"/>
</iter>
<iter>
<kw name="Click Element" owner="AppiumLibrary">
<msg time="2024-09-30T21:47:46.048009" level="INFO">Clicking element 'xpath=//android.widget.CheckBox[contains(@text,"C#")]'.</msg>
<msg time="2024-09-30T21:47:47.211089" level="INFO">xpath criteria: //android.widget.CheckBox[contains(@text,"C#")]</msg>
<arg>xpath=//android.widget.CheckBox[contains(@text,"${tech}")]</arg>
<doc>Click element identified by `locator`.</doc>
<status status="PASS" start="2024-09-30T21:47:46.047005" elapsed="1.165082"/>
</kw>
<var name="${tech}">C#</var>
<status status="PASS" start="2024-09-30T21:47:46.046009" elapsed="1.166078"/>
</iter>
<iter>
<kw name="Click Element" owner="AppiumLibrary">
<msg time="2024-09-30T21:47:47.214084" level="INFO">Clicking element 'xpath=//android.widget.CheckBox[contains(@text,"Robot Framework")]'.</msg>
<msg time="2024-09-30T21:47:48.234491" level="INFO">xpath criteria: //android.widget.CheckBox[contains(@text,"Robot Framework")]</msg>
<arg>xpath=//android.widget.CheckBox[contains(@text,"${tech}")]</arg>
<doc>Click element identified by `locator`.</doc>
<status status="PASS" start="2024-09-30T21:47:47.212087" elapsed="1.022404"/>
</kw>
<var name="${tech}">Robot Framework</var>
<status status="PASS" start="2024-09-30T21:47:47.212087" elapsed="1.022404"/>
</iter>
<var>${tech}</var>
<value>@{techs}</value>
<status status="PASS" start="2024-09-30T21:47:41.950041" elapsed="6.284450"/>
</for>
<kw name="Sleep" owner="BuiltIn">
<msg time="2024-09-30T21:47:51.236429" level="INFO">Slept 3 seconds.</msg>
<arg>3</arg>
<doc>Pauses the test executed for the given time.</doc>
<status status="PASS" start="2024-09-30T21:47:48.235491" elapsed="3.000938"/>
</kw>
<kw name="Close session" owner="base">
<kw name="Close Application" owner="AppiumLibrary">
<doc>Closes the current application and also close webdriver session.</doc>
<status status="PASS" start="2024-09-30T21:47:51.238430" elapsed="0.969205"/>
</kw>
<status status="PASS" start="2024-09-30T21:47:51.237430" elapsed="0.971204"/>
</kw>
<status status="PASS" start="2024-09-30T21:47:17.565271" elapsed="34.644362"/>
</test>
<status status="PASS" start="2024-09-30T21:47:17.293268" elapsed="34.922365"/>
</suite>
<statistics>
<total>
<stat pass="1" fail="0" skip="0">All Tests</stat>
</total>
<tag>
</tag>
<suite>
<stat pass="1" fail="0" skip="0" id="s1" name="Checkbox">Checkbox</stat>
</suite>
</statistics>
<errors>
</errors>
</robot>
