<?xml version="1.0" encoding="UTF-8"?>
<robot generator="Robot 7.0.1 (Python 3.12.6 on win32)" generated="2024-09-30T22:21:31.620130" rpa="false" schemaversion="5">
<suite id="s1" name="Login" source="E:\Documentos\Estudos\Appium\yodapp\tests\login.robot">
<test id="s1-t1" name="Deve Logar com sucesso" line="6">
<kw name="Start session" owner="base">
<kw name="Open Application" owner="AppiumLibrary">
<arg>http://localhost:4723</arg>
<arg>platformName=Android</arg>
<arg>deviceName=Android Emulator</arg>
<arg>automationName=UIAutomator2</arg>
<arg>app=${APK_PATH}</arg>
<arg>udid=emulator-5554</arg>
<arg>autoGrantPermission=true</arg>
<doc>Opens a new application to given Appium server.
Capabilities of appium server, Android and iOS,
Please check https://appium.io/docs/en/2.1/cli/args/
| *Option*            | *Man.* | *Description*     |
| remote_url          | Yes    | Appium server url |
| alias               | no     | alias             |
| strict_ssl          | No     | allows you to send commands to an invalid certificate host like a self-signed one. |</doc>
<status status="PASS" start="2024-09-30T22:21:31.908135" elapsed="10.820865"/>
</kw>
<status status="PASS" start="2024-09-30T22:21:31.906133" elapsed="10.823863"/>
</kw>
<kw name="Get started" owner="base">
<kw name="Wait Until Page Contains" owner="AppiumLibrary">
<arg>${START}</arg>
<doc>Waits until `text` appears on current page.</doc>
<status status="PASS" start="2024-09-30T22:21:42.730997" elapsed="4.832160"/>
</kw>
<kw name="Click Text" owner="AppiumLibrary">
<msg time="2024-09-30T22:21:48.220157" level="INFO">xpath criteria: //*[contains(@text,"QAX")]</msg>
<arg>${START}</arg>
<doc>Click text identified by ``text``.</doc>
<status status="PASS" start="2024-09-30T22:21:47.563157" elapsed="0.657000"/>
</kw>
<status status="PASS" start="2024-09-30T22:21:42.729996" elapsed="5.491161"/>
</kw>
<kw name="Navigate to" owner="base">
<kw name="Set Variable" owner="BuiltIn">
<msg time="2024-09-30T22:21:48.224159" level="INFO">${menu} = xpath=//android.widget.ImageButton[@content-desc="Open navigation drawer"]</msg>
<var>${menu}</var>
<arg>xpath=//android.widget.ImageButton[@content-desc="Open navigation drawer"]</arg>
<doc>Returns the given values which can then be assigned to a variables.</doc>
<status status="PASS" start="2024-09-30T22:21:48.224159" elapsed="0.000000"/>
</kw>
<kw name="Wait Until Element Is Visible" owner="AppiumLibrary">
<msg time="2024-09-30T22:21:49.587156" level="INFO">xpath criteria: //android.widget.ImageButton[@content-desc="Open navigation drawer"]</msg>
<arg>${menu}</arg>
<doc>Waits until element specified with `locator` is visible.</doc>
<status status="PASS" start="2024-09-30T22:21:48.224159" elapsed="1.362997"/>
</kw>
<kw name="Click Element" owner="AppiumLibrary">
<msg time="2024-09-30T22:21:49.589158" level="INFO">Clicking element 'xpath=//android.widget.ImageButton[@content-desc="Open navigation drawer"]'.</msg>
<msg time="2024-09-30T22:21:49.793158" level="INFO">xpath criteria: //android.widget.ImageButton[@content-desc="Open navigation drawer"]</msg>
<arg>${menu}</arg>
<doc>Click element identified by `locator`.</doc>
<status status="PASS" start="2024-09-30T22:21:49.587156" elapsed="0.207001"/>
</kw>
<kw name="Set Variable" owner="BuiltIn">
<msg time="2024-09-30T22:21:49.794157" level="INFO">${menuItem} = xpath=//*[@resource-id="com.qaxperience.yodapp:id/rvNavigation"]//*[@text="Formulários"]</msg>
<var>${menuItem}</var>
<arg>xpath=//*[@resource-id="com.qaxperience.yodapp:id/rvNavigation"]//*[@text="${menu_text}"]</arg>
<doc>Returns the given values which can then be assigned to a variables.</doc>
<status status="PASS" start="2024-09-30T22:21:49.794157" elapsed="0.000000"/>
</kw>
<kw name="Wait Until Element Is Visible" owner="AppiumLibrary">
<msg time="2024-09-30T22:21:50.948157" level="INFO">xpath criteria: //*[@resource-id="com.qaxperience.yodapp:id/rvNavigation"]//*[@text="Formulários"]</msg>
<arg>${menuItem}</arg>
<doc>Waits until element specified with `locator` is visible.</doc>
<status status="PASS" start="2024-09-30T22:21:49.795159" elapsed="1.152998"/>
</kw>
<kw name="Click Element" owner="AppiumLibrary">
<msg time="2024-09-30T22:21:50.950307" level="INFO">Clicking element 'xpath=//*[@resource-id="com.qaxperience.yodapp:id/rvNavigation"]//*[@text="Formulários"]'.</msg>
<msg time="2024-09-30T22:21:51.189574" level="INFO">xpath criteria: //*[@resource-id="com.qaxperience.yodapp:id/rvNavigation"]//*[@text="Formulários"]</msg>
<arg>${menuItem}</arg>
<doc>Click element identified by `locator`.</doc>
<status status="PASS" start="2024-09-30T22:21:50.949158" elapsed="0.241417"/>
</kw>
<arg>Formulários</arg>
<status status="PASS" start="2024-09-30T22:21:48.223158" elapsed="2.967417"/>
</kw>
<kw name="Go to item" owner="base">
<kw name="Wait Until Page Contains" owner="AppiumLibrary">
<arg>${item_text}</arg>
<arg>5</arg>
<doc>Waits until `text` appears on current page.</doc>
<status status="PASS" start="2024-09-30T22:21:51.191571" elapsed="0.554730"/>
</kw>
<kw name="Click Text" owner="AppiumLibrary">
<msg time="2024-09-30T22:21:52.295456" level="INFO">xpath criteria: //*[contains(@text,"Login")]</msg>
<arg>${item_text}</arg>
<doc>Click text identified by ``text``.</doc>
<status status="PASS" start="2024-09-30T22:21:51.746301" elapsed="0.549155"/>
</kw>
<kw name="Wait Until Page Contains" owner="AppiumLibrary">
<arg>${checkpoint}</arg>
<arg>5</arg>
<doc>Waits until `text` appears on current page.</doc>
<status status="PASS" start="2024-09-30T22:21:52.295456" elapsed="1.020001"/>
</kw>
<arg>Login</arg>
<arg>Olá Padawan, vamos testar o login?</arg>
<status status="PASS" start="2024-09-30T22:21:51.190575" elapsed="2.124882"/>
</kw>
<kw name="Input Text" owner="AppiumLibrary">
<msg time="2024-09-30T22:21:53.318457" level="INFO">Typing text 'yoda@qax.com' into text field 'id=com.qaxperience.yodapp:id/etEmail'</msg>
<msg time="2024-09-30T22:21:53.942021" level="INFO">criteria is com.qaxperience.yodapp:id/etEmail</msg>
<arg>id=com.qaxperience.yodapp:id/etEmail</arg>
<arg>yoda@qax.com</arg>
<doc>Types the given `text` into text field identified by `locator`.</doc>
<status status="PASS" start="2024-09-30T22:21:53.316458" elapsed="0.625563"/>
</kw>
<kw name="Input Text" owner="AppiumLibrary">
<msg time="2024-09-30T22:21:53.944022" level="INFO">Typing text 'jedi' into text field 'id=com.qaxperience.yodapp:id/etPassword'</msg>
<msg time="2024-09-30T22:21:55.059657" level="INFO">criteria is com.qaxperience.yodapp:id/etPassword</msg>
<arg>id=com.qaxperience.yodapp:id/etPassword</arg>
<arg>jedi</arg>
<doc>Types the given `text` into text field identified by `locator`.</doc>
<status status="PASS" start="2024-09-30T22:21:53.943019" elapsed="1.116638"/>
</kw>
<kw name="Click Element" owner="AppiumLibrary">
<msg time="2024-09-30T22:21:55.062661" level="INFO">Clicking element 'id=com.qaxperience.yodapp:id/btnSubmit'.</msg>
<msg time="2024-09-30T22:21:56.180557" level="INFO">criteria is com.qaxperience.yodapp:id/btnSubmit</msg>
<arg>id=com.qaxperience.yodapp:id/btnSubmit</arg>
<doc>Click element identified by `locator`.</doc>
<status status="PASS" start="2024-09-30T22:21:55.060657" elapsed="1.119900"/>
</kw>
<kw name="Wait Until Page Contains" owner="AppiumLibrary">
<arg>Boas vindas, logado você está.</arg>
<doc>Waits until `text` appears on current page.</doc>
<status status="PASS" start="2024-09-30T22:21:56.180557" elapsed="0.055003"/>
</kw>
<kw name="Close session" owner="base">
<kw name="Close Application" owner="AppiumLibrary">
<doc>Closes the current application and also close webdriver session.</doc>
<status status="PASS" start="2024-09-30T22:21:56.236560" elapsed="0.509999"/>
</kw>
<status status="PASS" start="2024-09-30T22:21:56.235560" elapsed="0.510999"/>
</kw>
<status status="PASS" start="2024-09-30T22:21:31.905132" elapsed="24.844425"/>
</test>
<test id="s1-t2" name="Não Deve Logar com senha Incorreta" line="21">
<kw name="Start session" owner="base">
<kw name="Open Application" owner="AppiumLibrary">
<arg>http://localhost:4723</arg>
<arg>platformName=Android</arg>
<arg>deviceName=Android Emulator</arg>
<arg>automationName=UIAutomator2</arg>
<arg>app=${APK_PATH}</arg>
<arg>udid=emulator-5554</arg>
<arg>autoGrantPermission=true</arg>
<doc>Opens a new application to given Appium server.
Capabilities of appium server, Android and iOS,
Please check https://appium.io/docs/en/2.1/cli/args/
| *Option*            | *Man.* | *Description*     |
| remote_url          | Yes    | Appium server url |
| alias               | no     | alias             |
| strict_ssl          | No     | allows you to send commands to an invalid certificate host like a self-signed one. |</doc>
<status status="PASS" start="2024-09-30T22:21:56.754563" elapsed="9.488905"/>
</kw>
<status status="PASS" start="2024-09-30T22:21:56.753558" elapsed="9.490914"/>
</kw>
<kw name="Get started" owner="base">
<kw name="Wait Until Page Contains" owner="AppiumLibrary">
<arg>${START}</arg>
<doc>Waits until `text` appears on current page.</doc>
<status status="PASS" start="2024-09-30T22:22:06.246473" elapsed="4.926889"/>
</kw>
<kw name="Click Text" owner="AppiumLibrary">
<msg time="2024-09-30T22:22:11.839363" level="INFO">xpath criteria: //*[contains(@text,"QAX")]</msg>
<arg>${START}</arg>
<doc>Click text identified by ``text``.</doc>
<status status="PASS" start="2024-09-30T22:22:11.173362" elapsed="0.667004"/>
</kw>
<status status="PASS" start="2024-09-30T22:22:06.245475" elapsed="5.594891"/>
</kw>
<kw name="Navigate to" owner="base">
<kw name="Set Variable" owner="BuiltIn">
<msg time="2024-09-30T22:22:11.841362" level="INFO">${menu} = xpath=//android.widget.ImageButton[@content-desc="Open navigation drawer"]</msg>
<var>${menu}</var>
<arg>xpath=//android.widget.ImageButton[@content-desc="Open navigation drawer"]</arg>
<doc>Returns the given values which can then be assigned to a variables.</doc>
<status status="PASS" start="2024-09-30T22:22:11.841362" elapsed="0.000000"/>
</kw>
<kw name="Wait Until Element Is Visible" owner="AppiumLibrary">
<msg time="2024-09-30T22:22:13.232816" level="INFO">xpath criteria: //android.widget.ImageButton[@content-desc="Open navigation drawer"]</msg>
<arg>${menu}</arg>
<doc>Waits until element specified with `locator` is visible.</doc>
<status status="PASS" start="2024-09-30T22:22:11.841362" elapsed="1.391454"/>
</kw>
<kw name="Click Element" owner="AppiumLibrary">
<msg time="2024-09-30T22:22:13.234804" level="INFO">Clicking element 'xpath=//android.widget.ImageButton[@content-desc="Open navigation drawer"]'.</msg>
<msg time="2024-09-30T22:22:14.434325" level="INFO">xpath criteria: //android.widget.ImageButton[@content-desc="Open navigation drawer"]</msg>
<arg>${menu}</arg>
<doc>Click element identified by `locator`.</doc>
<status status="PASS" start="2024-09-30T22:22:13.232816" elapsed="1.201509"/>
</kw>
<kw name="Set Variable" owner="BuiltIn">
<msg time="2024-09-30T22:22:14.434325" level="INFO">${menuItem} = xpath=//*[@resource-id="com.qaxperience.yodapp:id/rvNavigation"]//*[@text="Formulários"]</msg>
<var>${menuItem}</var>
<arg>xpath=//*[@resource-id="com.qaxperience.yodapp:id/rvNavigation"]//*[@text="${menu_text}"]</arg>
<doc>Returns the given values which can then be assigned to a variables.</doc>
<status status="PASS" start="2024-09-30T22:22:14.434325" elapsed="0.000000"/>
</kw>
<kw name="Wait Until Element Is Visible" owner="AppiumLibrary">
<msg time="2024-09-30T22:22:14.692328" level="INFO">xpath criteria: //*[@resource-id="com.qaxperience.yodapp:id/rvNavigation"]//*[@text="Formulários"]</msg>
<arg>${menuItem}</arg>
<doc>Waits until element specified with `locator` is visible.</doc>
<status status="PASS" start="2024-09-30T22:22:14.435330" elapsed="0.256998"/>
</kw>
<kw name="Click Element" owner="AppiumLibrary">
<msg time="2024-09-30T22:22:14.695326" level="INFO">Clicking element 'xpath=//*[@resource-id="com.qaxperience.yodapp:id/rvNavigation"]//*[@text="Formulários"]'.</msg>
<msg time="2024-09-30T22:22:15.018325" level="INFO">xpath criteria: //*[@resource-id="com.qaxperience.yodapp:id/rvNavigation"]//*[@text="Formulários"]</msg>
<arg>${menuItem}</arg>
<doc>Click element identified by `locator`.</doc>
<status status="PASS" start="2024-09-30T22:22:14.693328" elapsed="0.324997"/>
</kw>
<arg>Formulários</arg>
<status status="PASS" start="2024-09-30T22:22:11.840366" elapsed="3.177959"/>
</kw>
<kw name="Go to item" owner="base">
<kw name="Wait Until Page Contains" owner="AppiumLibrary">
<arg>${item_text}</arg>
<arg>5</arg>
<doc>Waits until `text` appears on current page.</doc>
<status status="PASS" start="2024-09-30T22:22:15.019326" elapsed="0.581001"/>
</kw>
<kw name="Click Text" owner="AppiumLibrary">
<msg time="2024-09-30T22:22:17.200326" level="INFO">xpath criteria: //*[contains(@text,"Login")]</msg>
<arg>${item_text}</arg>
<doc>Click text identified by ``text``.</doc>
<status status="PASS" start="2024-09-30T22:22:15.600327" elapsed="1.599999"/>
</kw>
<kw name="Wait Until Page Contains" owner="AppiumLibrary">
<arg>${checkpoint}</arg>
<arg>5</arg>
<doc>Waits until `text` appears on current page.</doc>
<status status="PASS" start="2024-09-30T22:22:17.201324" elapsed="0.102006"/>
</kw>
<arg>Login</arg>
<arg>Olá Padawan, vamos testar o login?</arg>
<status status="PASS" start="2024-09-30T22:22:15.019326" elapsed="2.285000"/>
</kw>
<kw name="Input Text" owner="AppiumLibrary">
<msg time="2024-09-30T22:22:17.341327" level="INFO">Typing text 'yoda@qax.com' into text field 'id=com.qaxperience.yodapp:id/etEmail'</msg>
<msg time="2024-09-30T22:22:17.996324" level="INFO">criteria is com.qaxperience.yodapp:id/etEmail</msg>
<arg>id=com.qaxperience.yodapp:id/etEmail</arg>
<arg>yoda@qax.com</arg>
<doc>Types the given `text` into text field identified by `locator`.</doc>
<status status="PASS" start="2024-09-30T22:22:17.339325" elapsed="0.656999"/>
</kw>
<kw name="Input Text" owner="AppiumLibrary">
<msg time="2024-09-30T22:22:17.998324" level="INFO">Typing text 'senhaincorreta' into text field 'id=com.qaxperience.yodapp:id/etPassword'</msg>
<msg time="2024-09-30T22:22:19.070546" level="INFO">criteria is com.qaxperience.yodapp:id/etPassword</msg>
<arg>id=com.qaxperience.yodapp:id/etPassword</arg>
<arg>senhaincorreta</arg>
<doc>Types the given `text` into text field identified by `locator`.</doc>
<status status="PASS" start="2024-09-30T22:22:17.997326" elapsed="1.073220"/>
</kw>
<kw name="Click Element" owner="AppiumLibrary">
<msg time="2024-09-30T22:22:19.073544" level="INFO">Clicking element 'id=com.qaxperience.yodapp:id/btnSubmit'.</msg>
<msg time="2024-09-30T22:22:20.206145" level="INFO">criteria is com.qaxperience.yodapp:id/btnSubmit</msg>
<arg>id=com.qaxperience.yodapp:id/btnSubmit</arg>
<doc>Click element identified by `locator`.</doc>
<status status="PASS" start="2024-09-30T22:22:19.071542" elapsed="1.134603"/>
</kw>
<kw name="Wait Until Page Contains" owner="AppiumLibrary">
<arg>Oops! Credenciais incorretas.</arg>
<doc>Waits until `text` appears on current page.</doc>
<status status="PASS" start="2024-09-30T22:22:20.206145" elapsed="0.076000"/>
</kw>
<kw name="Close session" owner="base">
<kw name="Close Application" owner="AppiumLibrary">
<doc>Closes the current application and also close webdriver session.</doc>
<status status="PASS" start="2024-09-30T22:22:20.283143" elapsed="0.513002"/>
</kw>
<status status="PASS" start="2024-09-30T22:22:20.283143" elapsed="0.514003"/>
</kw>
<status status="PASS" start="2024-09-30T22:21:56.752559" elapsed="24.045588"/>
</test>
<status status="PASS" start="2024-09-30T22:21:31.623135" elapsed="49.176011"/>
</suite>
<statistics>
<total>
<stat pass="2" fail="0" skip="0">All Tests</stat>
</total>
<tag>
</tag>
<suite>
<stat pass="2" fail="0" skip="0" id="s1" name="Login">Login</stat>
</suite>
</statistics>
<errors>
</errors>
</robot>
