<?xml version="1.0" encoding="UTF-8"?>
<robot generator="Robot 7.0.1 (Python 3.12.6 on win32)" generated="2024-09-16T21:51:32.739289" rpa="false" schemaversion="5">
<suite id="s1" name="Click" source="E:\Documentos\Estudos\Appium\tests\click.robot">
<test id="s1-t1" name="Deve realizar um clique simples" line="12">
<kw name="Open Application" owner="AppiumLibrary">
<arg>http://localhost:4723</arg>
<arg>platformName=Android</arg>
<arg>deviceName=Android Emulator</arg>
<arg>automationName=UIAutomator2</arg>
<arg>app=${APK_PATH}</arg>
<arg>udid=emulator-5554</arg>
<arg>autoGrantPermission=true</arg>
<doc>Opens a new application to given Appium server.
Capabilities of appium server, Android and iOS,
Please check https://appium.io/docs/en/2.1/cli/args/
| *Option*            | *Man.* | *Description*     |
| remote_url          | Yes    | Appium server url |
| alias               | no     | alias             |
| strict_ssl          | No     | allows you to send commands to an invalid certificate host like a self-signed one. |</doc>
<status status="PASS" start="2024-09-16T21:51:33.024291" elapsed="10.964608"/>
</kw>
<kw name="Wait Until Page Contains" owner="AppiumLibrary">
<arg>${START}</arg>
<doc>Waits until `text` appears on current page.</doc>
<status status="PASS" start="2024-09-16T21:51:43.989899" elapsed="4.747489"/>
</kw>
<kw name="Click Text" owner="AppiumLibrary">
<msg time="2024-09-16T21:51:49.331399" level="INFO">xpath criteria: //*[contains(@text,"QAX")]</msg>
<arg>${START}</arg>
<doc>Click text identified by ``text``.</doc>
<status status="PASS" start="2024-09-16T21:51:48.738388" elapsed="0.593011"/>
</kw>
<kw name="Set Variable" owner="BuiltIn">
<msg time="2024-09-16T21:51:49.332402" level="INFO">${menu} = xpath=//android.widget.ImageButton[@content-desc="Open navigation drawer"]</msg>
<var>${menu}</var>
<arg>xpath=//android.widget.ImageButton[@content-desc="Open navigation drawer"]</arg>
<doc>Returns the given values which can then be assigned to a variables.</doc>
<status status="PASS" start="2024-09-16T21:51:49.332402" elapsed="0.000000"/>
</kw>
<kw name="Wait Until Element Is Visible" owner="AppiumLibrary">
<msg time="2024-09-16T21:51:50.669524" level="INFO">xpath criteria: //android.widget.ImageButton[@content-desc="Open navigation drawer"]
xpath criteria: //android.widget.ImageButton[@content-desc="Open navigation drawer"]</msg>
<arg>${menu}</arg>
<doc>Waits until element specified with `locator` is visible.</doc>
<status status="PASS" start="2024-09-16T21:51:49.332402" elapsed="1.337122"/>
</kw>
<kw name="Click Element" owner="AppiumLibrary">
<msg time="2024-09-16T21:51:50.670523" level="INFO">Clicking element 'xpath=//android.widget.ImageButton[@content-desc="Open navigation drawer"]'.</msg>
<msg time="2024-09-16T21:51:50.842524" level="INFO">xpath criteria: //android.widget.ImageButton[@content-desc="Open navigation drawer"]</msg>
<arg>${menu}</arg>
<doc>Click element identified by `locator`.</doc>
<status status="PASS" start="2024-09-16T21:51:50.669524" elapsed="0.173000"/>
</kw>
<kw name="Set Variable" owner="BuiltIn">
<msg time="2024-09-16T21:51:50.844527" level="INFO">${menuItem} = xpath=//*[@resource-id="com.qaxperience.yodapp:id/rvNavigation"]//*[@text="Clique em Botões"]</msg>
<var>${menuItem}</var>
<arg>xpath=//*[@resource-id="com.qaxperience.yodapp:id/rvNavigation"]//*[@text="Clique em Botões"]</arg>
<doc>Returns the given values which can then be assigned to a variables.</doc>
<status status="PASS" start="2024-09-16T21:51:50.843532" elapsed="0.000995"/>
</kw>
<kw name="Wait Until Element Is Visible" owner="AppiumLibrary">
<msg time="2024-09-16T21:51:51.973569" level="INFO">xpath criteria: //*[@resource-id="com.qaxperience.yodapp:id/rvNavigation"]//*[@text="Clique em Botões"]</msg>
<arg>${menuItem}</arg>
<doc>Waits until element specified with `locator` is visible.</doc>
<status status="PASS" start="2024-09-16T21:51:50.844527" elapsed="1.129042"/>
</kw>
<kw name="Click Element" owner="AppiumLibrary">
<msg time="2024-09-16T21:51:51.974567" level="INFO">Clicking element 'xpath=//*[@resource-id="com.qaxperience.yodapp:id/rvNavigation"]//*[@text="Clique em Botões"]'.</msg>
<msg time="2024-09-16T21:51:52.175568" level="INFO">xpath criteria: //*[@resource-id="com.qaxperience.yodapp:id/rvNavigation"]//*[@text="Clique em Botões"]</msg>
<arg>${menuItem}</arg>
<doc>Click element identified by `locator`.</doc>
<status status="PASS" start="2024-09-16T21:51:51.973569" elapsed="0.202999"/>
</kw>
<kw name="Sleep" owner="BuiltIn">
<msg time="2024-09-16T21:51:57.177467" level="INFO">Slept 5 seconds.</msg>
<arg>5</arg>
<doc>Pauses the test executed for the given time.</doc>
<status status="PASS" start="2024-09-16T21:51:52.176568" elapsed="5.000899"/>
</kw>
<kw name="Close Application" owner="AppiumLibrary">
<doc>Closes the current application and also close webdriver session.</doc>
<status status="PASS" start="2024-09-16T21:51:57.177467" elapsed="0.703007"/>
</kw>
<status status="PASS" start="2024-09-16T21:51:33.023289" elapsed="24.857185"/>
</test>
<status status="PASS" start="2024-09-16T21:51:32.742289" elapsed="25.141180"/>
</suite>
<statistics>
<total>
<stat pass="1" fail="0" skip="0">All Tests</stat>
</total>
<tag>
</tag>
<suite>
<stat pass="1" fail="0" skip="0" id="s1" name="Click">Click</stat>
</suite>
</statistics>
<errors>
</errors>
</robot>
